<?xml version="1.0" encoding="UTF-8"?>
<!-- Generated by org.testng.reporters.JUnitReportReporter -->
<testsuite hostname="Karthick" failures="0" tests="1" name="testcases.Simple" time="0.152" errors="0" timestamp="2025-09-13T15:52:55 PDT" skipped="0">
  <testcase classname="testcases.Simple" name="simpletests" time="0.152"/>
</testsuite> <!-- testcases.Simple -->
