<?xml version="1.0" encoding="UTF-8"?>
<!-- Generated by org.testng.reporters.JUnitReportReporter -->
<testsuite hostname="Karthick" failures="0" tests="1" name="testcases.logintests" time="1.689" errors="0" timestamp="2025-09-15T11:10:26 PDT" skipped="0">
  <testcase classname="testcases.logintests" name="logintest" time="1.689"/>
</testsuite> <!-- testcases.logintests -->
